<?xml version="1.0" encoding="UTF-8"?>
<!-- Generated by org.testng.reporters.JUnitReportReporter -->
<testsuite hostname="LPCL-PG02AB4M" failures="0" tests="1" name="TestCases.TC_LoginTestPS_001" time="26.022" errors="0" timestamp="2021-12-13T20:44:40 GMT+05:30" skipped="0">
  <testcase classname="TestCases.TC_LoginTestPS_001" name="loginTestPS" time="26.022"/>
  <system-out/>
</testsuite> <!-- TestCases.TC_LoginTestPS_001 -->
