<?xml version="1.0" encoding="UTF-8"?>
<!-- Generated by org.testng.reporters.JUnitReportReporter -->
<testsuite skipped="0" hostname="LPCL-PG02AB4M" name="tests.TC_LoginTestPS_001" tests="1" failures="0" timestamp="2021-12-15T13:18:09 GMT+05:30" time="85.742" errors="0">
  <testcase name="loginTestPS" time="85.742" classname="tests.TC_LoginTestPS_001"/>
  <system-out/>
</testsuite> <!-- tests.TC_LoginTestPS_001 -->
